/corpora/rats/LDC2011E99_Second_Incremental_SAD_Audio/data/dev-1/fsh-alv/audio/A/30177_20110928_210500_11463_fsh-alv_A.flac
/corpora/rats/LDC2011E99_Second_Incremental_SAD_Audio/data/dev-1/fsh-alv/audio/A/30227_20110929_024600_11517_fsh-alv_A.flac
/corpora/rats/LDC2011E99_Second_Incremental_SAD_Audio/data/dev-1/fsh-alv/audio/B/21404_20110813_004200_10067_fsh-alv_B.flac
/corpora/rats/LDC2011E99_Second_Incremental_SAD_Audio/data/dev-1/fsh-alv/audio/B/21498_20110817_213800_10058_fsh-alv_B.flac
/corpora/rats/LDC2011E99_Second_Incremental_SAD_Audio/data/dev-1/fsh-alv/audio/B/21610_20110824_055100_11459_fsh-alv_B.flac
/corpora/rats/LDC2011E99_Second_Incremental_SAD_Audio/data/dev-1/fsh-alv/audio/B/24126_20110902_094800_11411_fsh-alv_B.flac
/corpora/rats/LDC2011E99_Second_Incremental_SAD_Audio/data/dev-1/fsh-alv/audio/B/30175_20110928_204400_11461_fsh-alv_B.flac
/corpora/rats/LDC2011E99_Second_Incremental_SAD_Audio/data/dev-1/fsh-alv/audio/B/30257_20110929_081700_11583_fsh-alv_B.flac
/corpora/rats/LDC2011E99_Second_Incremental_SAD_Audio/data/dev-1/fsh-alv/audio/B/30258_20110929_082800_11585_fsh-alv_B.flac
/corpora/rats/LDC2011E99_Second_Incremental_SAD_Audio/data/dev-1/fsh-alv/audio/C/21498_20110817_213800_10058_fsh-alv_C.flac
/corpora/rats/LDC2011E99_Second_Incremental_SAD_Audio/data/dev-1/fsh-alv/audio/C/21510_20110818_184400_12433_fsh-alv_C.flac
/corpora/rats/LDC2011E99_Second_Incremental_SAD_Audio/data/dev-1/fsh-alv/audio/C/21585_20110823_224400_11619_fsh-alv_C.flac
/corpora/rats/LDC2011E99_Second_Incremental_SAD_Audio/data/dev-1/fsh-alv/audio/C/24088_20110902_023200_11350_fsh-alv_C.flac
/corpora/rats/LDC2011E99_Second_Incremental_SAD_Audio/data/dev-1/fsh-alv/audio/D/21404_20110813_004200_10067_fsh-alv_D.flac
/corpora/rats/LDC2011E99_Second_Incremental_SAD_Audio/data/dev-1/fsh-alv/audio/D/21520_20110820_002000_12328_fsh-alv_D.flac
/corpora/rats/LDC2011E99_Second_Incremental_SAD_Audio/data/dev-1/fsh-alv/audio/D/21521_20110820_003200_11891_fsh-alv_D.flac
/corpora/rats/LDC2011E99_Second_Incremental_SAD_Audio/data/dev-1/fsh-alv/audio/D/21541_20110821_031900_12541_fsh-alv_D.flac
/corpora/rats/LDC2011E99_Second_Incremental_SAD_Audio/data/dev-1/fsh-alv/audio/D/21550_20110821_132600_12275_fsh-alv_D.flac
/corpora/rats/LDC2011E99_Second_Incremental_SAD_Audio/data/dev-1/fsh-alv/audio/D/21553_20110821_153400_11675_fsh-alv_D.flac
/corpora/rats/LDC2011E99_Second_Incremental_SAD_Audio/data/dev-1/fsh-alv/audio/D/21555_20110821_205800_11973_fsh-alv_D.flac
/corpora/rats/LDC2011E99_Second_Incremental_SAD_Audio/data/dev-1/fsh-alv/audio/D/21556_20110821_211000_12236_fsh-alv_D.flac
/corpora/rats/LDC2011E99_Second_Incremental_SAD_Audio/data/dev-1/fsh-alv/audio/D/21560_20110822_033600_11751_fsh-alv_D.flac
/corpora/rats/LDC2011E99_Second_Incremental_SAD_Audio/data/dev-1/fsh-alv/audio/D/21565_20110822_145800_12479_fsh-alv_D.flac
/corpora/rats/LDC2011E99_Second_Incremental_SAD_Audio/data/dev-1/fsh-alv/audio/D/21568_20110823_173900_12556_fsh-alv_D.flac
/corpora/rats/LDC2011E99_Second_Incremental_SAD_Audio/data/dev-1/fsh-alv/audio/D/21585_20110823_224400_11619_fsh-alv_D.flac
/corpora/rats/LDC2011E99_Second_Incremental_SAD_Audio/data/dev-1/fsh-alv/audio/D/21623_20110824_093900_12361_fsh-alv_D.flac
/corpora/rats/LDC2011E99_Second_Incremental_SAD_Audio/data/dev-1/fsh-alv/audio/D/24082_20110902_012300_11340_fsh-alv_D.flac
/corpora/rats/LDC2011E99_Second_Incremental_SAD_Audio/data/dev-1/fsh-alv/audio/D/24085_20110902_015800_11345_fsh-alv_D.flac
/corpora/rats/LDC2011E99_Second_Incremental_SAD_Audio/data/dev-1/fsh-alv/audio/E/21521_20110820_003200_11891_fsh-alv_E.flac
/corpora/rats/LDC2011E99_Second_Incremental_SAD_Audio/data/dev-1/fsh-alv/audio/E/21541_20110821_031900_12541_fsh-alv_E.flac
/corpora/rats/LDC2011E99_Second_Incremental_SAD_Audio/data/dev-1/fsh-alv/audio/E/21553_20110821_153400_11675_fsh-alv_E.flac
/corpora/rats/LDC2011E99_Second_Incremental_SAD_Audio/data/dev-1/fsh-alv/audio/E/21585_20110823_224400_11619_fsh-alv_E.flac
/corpora/rats/LDC2011E99_Second_Incremental_SAD_Audio/data/dev-1/fsh-alv/audio/E/24085_20110902_015800_11345_fsh-alv_E.flac
/corpora/rats/LDC2011E99_Second_Incremental_SAD_Audio/data/dev-1/fsh-alv/audio/E/30175_20110928_204400_11461_fsh-alv_E.flac
/corpora/rats/LDC2011E99_Second_Incremental_SAD_Audio/data/dev-1/fsh-alv/audio/E/30177_20110928_210500_11463_fsh-alv_E.flac
/corpora/rats/LDC2011E99_Second_Incremental_SAD_Audio/data/dev-1/fsh-alv/audio/F/21510_20110818_184400_12433_fsh-alv_F.flac
/corpora/rats/LDC2011E99_Second_Incremental_SAD_Audio/data/dev-1/fsh-alv/audio/F/21560_20110822_033600_11751_fsh-alv_F.flac
/corpora/rats/LDC2011E99_Second_Incremental_SAD_Audio/data/dev-1/fsh-alv/audio/F/21568_20110823_173900_12556_fsh-alv_F.flac
/corpora/rats/LDC2011E99_Second_Incremental_SAD_Audio/data/dev-1/fsh-alv/audio/G/21419_20110813_140600_11508_fsh-alv_G.flac
/corpora/rats/LDC2011E99_Second_Incremental_SAD_Audio/data/dev-1/fsh-alv/audio/G/21423_20110813_162000_11424_fsh-alv_G.flac
/corpora/rats/LDC2011E99_Second_Incremental_SAD_Audio/data/dev-1/fsh-alv/audio/G/21520_20110820_002000_12328_fsh-alv_G.flac
/corpora/rats/LDC2011E99_Second_Incremental_SAD_Audio/data/dev-1/fsh-alv/audio/G/21521_20110820_003200_11891_fsh-alv_G.flac
/corpora/rats/LDC2011E99_Second_Incremental_SAD_Audio/data/dev-1/fsh-alv/audio/G/21541_20110821_031900_12541_fsh-alv_G.flac
/corpora/rats/LDC2011E99_Second_Incremental_SAD_Audio/data/dev-1/fsh-alv/audio/G/21546_20110821_084700_11558_fsh-alv_G.flac
/corpora/rats/LDC2011E99_Second_Incremental_SAD_Audio/data/dev-1/fsh-alv/audio/G/21553_20110821_153400_11675_fsh-alv_G.flac
/corpora/rats/LDC2011E99_Second_Incremental_SAD_Audio/data/dev-1/fsh-alv/audio/G/21560_20110822_033600_11751_fsh-alv_G.flac
/corpora/rats/LDC2011E99_Second_Incremental_SAD_Audio/data/dev-1/fsh-alv/audio/G/21565_20110822_145800_12479_fsh-alv_G.flac
/corpora/rats/LDC2011E99_Second_Incremental_SAD_Audio/data/dev-1/fsh-alv/audio/G/21568_20110823_173900_12556_fsh-alv_G.flac
/corpora/rats/LDC2011E99_Second_Incremental_SAD_Audio/data/dev-1/fsh-alv/audio/G/21596_20110824_022200_12095_fsh-alv_G.flac
/corpora/rats/LDC2011E99_Second_Incremental_SAD_Audio/data/dev-1/fsh-alv/audio/G/21610_20110824_055100_11459_fsh-alv_G.flac
/corpora/rats/LDC2011E99_Second_Incremental_SAD_Audio/data/dev-1/fsh-alv/audio/G/24082_20110902_012300_11340_fsh-alv_G.flac
/corpora/rats/LDC2011E99_Second_Incremental_SAD_Audio/data/dev-1/fsh-alv/audio/H/21541_20110821_031900_12541_fsh-alv_H.flac
/corpora/rats/LDC2011E99_Second_Incremental_SAD_Audio/data/dev-1/fsh-alv/audio/H/21546_20110821_084700_11558_fsh-alv_H.flac
/corpora/rats/LDC2011E99_Second_Incremental_SAD_Audio/data/dev-1/fsh-alv/audio/H/21553_20110821_153400_11675_fsh-alv_H.flac
/corpora/rats/LDC2011E99_Second_Incremental_SAD_Audio/data/dev-1/fsh-eng/audio/A/30410_20110930_060500_19778_fsh-eng_A.flac
/corpora/rats/LDC2011E99_Second_Incremental_SAD_Audio/data/dev-1/fsh-eng/audio/A/30441_20110930_113000_19815_fsh-eng_A.flac
/corpora/rats/LDC2011E99_Second_Incremental_SAD_Audio/data/dev-1/fsh-eng/audio/A/30469_20110930_162400_19846_fsh-eng_A.flac
/corpora/rats/LDC2011E99_Second_Incremental_SAD_Audio/data/dev-1/fsh-eng/audio/A/30475_20110930_172700_19855_fsh-eng_A.flac
/corpora/rats/LDC2011E99_Second_Incremental_SAD_Audio/data/dev-1/fsh-eng/audio/A/30508_20110930_231300_19899_fsh-eng_A.flac
/corpora/rats/LDC2011E99_Second_Incremental_SAD_Audio/data/dev-1/fsh-eng/audio/A/30553_20111001_070400_19953_fsh-eng_A.flac
/corpora/rats/LDC2011E99_Second_Incremental_SAD_Audio/data/dev-1/fsh-eng/audio/A/30564_20111001_090000_19966_fsh-eng_A.flac
/corpora/rats/LDC2011E99_Second_Incremental_SAD_Audio/data/dev-1/fsh-eng/audio/A/30568_20111001_104400_19971_fsh-eng_A.flac
/corpora/rats/LDC2011E99_Second_Incremental_SAD_Audio/data/dev-1/fsh-eng/audio/A/30570_20111001_110500_19973_fsh-eng_A.flac
/corpora/rats/LDC2011E99_Second_Incremental_SAD_Audio/data/dev-1/fsh-eng/audio/A/30623_20111001_202000_20036_fsh-eng_A.flac
/corpora/rats/LDC2011E99_Second_Incremental_SAD_Audio/data/dev-1/fsh-eng/audio/A/30629_20111001_212300_20042_fsh-eng_A.flac
/corpora/rats/LDC2011E99_Second_Incremental_SAD_Audio/data/dev-1/fsh-eng/audio/A/30631_20111001_214400_20044_fsh-eng_A.flac
/corpora/rats/LDC2011E99_Second_Incremental_SAD_Audio/data/dev-1/fsh-eng/audio/A/30654_20111002_014500_20067_fsh-eng_A.flac
/corpora/rats/LDC2011E99_Second_Incremental_SAD_Audio/data/dev-1/fsh-eng/audio/A/30691_20111002_081300_20106_fsh-eng_A.flac
/corpora/rats/LDC2011E99_Second_Incremental_SAD_Audio/data/dev-1/fsh-eng/audio/A/30754_20111002_205700_20172_fsh-eng_A.flac
/corpora/rats/LDC2011E99_Second_Incremental_SAD_Audio/data/dev-1/fsh-eng/audio/A/30802_20111003_052000_20226_fsh-eng_A.flac
/corpora/rats/LDC2011E99_Second_Incremental_SAD_Audio/data/dev-1/fsh-eng/audio/A/30845_20111003_115800_20260_fsh-eng_A.flac
/corpora/rats/LDC2011E99_Second_Incremental_SAD_Audio/data/dev-1/fsh-eng/audio/B/30508_20110930_231300_19899_fsh-eng_B.flac
/corpora/rats/LDC2011E99_Second_Incremental_SAD_Audio/data/dev-1/fsh-eng/audio/B/30513_20111001_000500_19904_fsh-eng_B.flac
/corpora/rats/LDC2011E99_Second_Incremental_SAD_Audio/data/dev-1/fsh-eng/audio/B/30517_20111001_004700_19910_fsh-eng_B.flac
/corpora/rats/LDC2011E99_Second_Incremental_SAD_Audio/data/dev-1/fsh-eng/audio/B/30534_20111001_034500_19933_fsh-eng_B.flac
/corpora/rats/LDC2011E99_Second_Incremental_SAD_Audio/data/dev-1/fsh-eng/audio/B/30737_20111002_175900_20154_fsh-eng_B.flac
/corpora/rats/LDC2011E99_Second_Incremental_SAD_Audio/data/dev-1/fsh-eng/audio/C/30333_20110929_163800_19694_fsh-eng_C.flac
/corpora/rats/LDC2011E99_Second_Incremental_SAD_Audio/data/dev-1/fsh-eng/audio/C/30369_20110929_225500_19733_fsh-eng_C.flac
/corpora/rats/LDC2011E99_Second_Incremental_SAD_Audio/data/dev-1/fsh-eng/audio/C/30393_20110930_030700_19761_fsh-eng_C.flac
/corpora/rats/LDC2011E99_Second_Incremental_SAD_Audio/data/dev-1/fsh-eng/audio/C/30421_20110930_080100_19791_fsh-eng_C.flac
/corpora/rats/LDC2011E99_Second_Incremental_SAD_Audio/data/dev-1/fsh-eng/audio/C/30517_20111001_004700_19910_fsh-eng_C.flac
/corpora/rats/LDC2011E99_Second_Incremental_SAD_Audio/data/dev-1/fsh-eng/audio/C/30542_20111001_050900_19941_fsh-eng_C.flac
/corpora/rats/LDC2011E99_Second_Incremental_SAD_Audio/data/dev-1/fsh-eng/audio/C/30583_20111001_132100_19991_fsh-eng_C.flac
/corpora/rats/LDC2011E99_Second_Incremental_SAD_Audio/data/dev-1/fsh-eng/audio/C/30631_20111001_214400_20044_fsh-eng_C.flac
/corpora/rats/LDC2011E99_Second_Incremental_SAD_Audio/data/dev-1/fsh-eng/audio/C/30674_20111002_051500_20089_fsh-eng_C.flac
/corpora/rats/LDC2011E99_Second_Incremental_SAD_Audio/data/dev-1/fsh-eng/audio/C/30754_20111002_205700_20172_fsh-eng_C.flac
/corpora/rats/LDC2011E99_Second_Incremental_SAD_Audio/data/dev-1/fsh-eng/audio/D/30343_20110929_182300_19706_fsh-eng_D.flac
/corpora/rats/LDC2011E99_Second_Incremental_SAD_Audio/data/dev-1/fsh-eng/audio/D/30403_20110930_045200_19771_fsh-eng_D.flac
/corpora/rats/LDC2011E99_Second_Incremental_SAD_Audio/data/dev-1/fsh-eng/audio/D/30410_20110930_060500_19778_fsh-eng_D.flac
/corpora/rats/LDC2011E99_Second_Incremental_SAD_Audio/data/dev-1/fsh-eng/audio/D/30441_20110930_113000_19815_fsh-eng_D.flac
/corpora/rats/LDC2011E99_Second_Incremental_SAD_Audio/data/dev-1/fsh-eng/audio/E/30333_20110929_163800_19694_fsh-eng_E.flac
/corpora/rats/LDC2011E99_Second_Incremental_SAD_Audio/data/dev-1/fsh-eng/audio/E/30343_20110929_182300_19706_fsh-eng_E.flac
/corpora/rats/LDC2011E99_Second_Incremental_SAD_Audio/data/dev-1/fsh-eng/audio/E/30450_20110930_130400_19825_fsh-eng_E.flac
/corpora/rats/LDC2011E99_Second_Incremental_SAD_Audio/data/dev-1/fsh-eng/audio/E/30470_20110930_163400_19847_fsh-eng_E.flac
/corpora/rats/LDC2011E99_Second_Incremental_SAD_Audio/data/dev-1/fsh-eng/audio/E/30476_20110930_173700_19856_fsh-eng_E.flac
/corpora/rats/LDC2011E99_Second_Incremental_SAD_Audio/data/dev-1/fsh-eng/audio/E/30483_20110930_185100_19864_fsh-eng_E.flac
/corpora/rats/LDC2011E99_Second_Incremental_SAD_Audio/data/dev-1/fsh-eng/audio/E/30546_20111001_055100_19945_fsh-eng_E.flac
/corpora/rats/LDC2011E99_Second_Incremental_SAD_Audio/data/dev-1/fsh-eng/audio/E/30673_20111002_050400_20088_fsh-eng_E.flac
/corpora/rats/LDC2011E99_Second_Incremental_SAD_Audio/data/dev-1/fsh-eng/audio/E/30679_20111002_060700_20094_fsh-eng_E.flac
/corpora/rats/LDC2011E99_Second_Incremental_SAD_Audio/data/dev-1/fsh-eng/audio/E/30802_20111003_052000_20226_fsh-eng_E.flac
/corpora/rats/LDC2011E99_Second_Incremental_SAD_Audio/data/dev-1/fsh-eng/audio/E/31143_20111003_170100_20291_fsh-eng_E.flac
/corpora/rats/LDC2011E99_Second_Incremental_SAD_Audio/data/dev-1/fsh-eng/audio/F/30337_20110929_172000_19700_fsh-eng_F.flac
/corpora/rats/LDC2011E99_Second_Incremental_SAD_Audio/data/dev-1/fsh-eng/audio/F/30373_20110929_233700_19739_fsh-eng_F.flac
/corpora/rats/LDC2011E99_Second_Incremental_SAD_Audio/data/dev-1/fsh-eng/audio/F/30415_20110930_065800_19784_fsh-eng_F.flac
/corpora/rats/LDC2011E99_Second_Incremental_SAD_Audio/data/dev-1/fsh-eng/audio/F/30421_20110930_080100_19791_fsh-eng_F.flac
/corpora/rats/LDC2011E99_Second_Incremental_SAD_Audio/data/dev-1/fsh-eng/audio/F/30475_20110930_172700_19855_fsh-eng_F.flac
/corpora/rats/LDC2011E99_Second_Incremental_SAD_Audio/data/dev-1/fsh-eng/audio/F/30488_20110930_194300_19870_fsh-eng_F.flac
/corpora/rats/LDC2011E99_Second_Incremental_SAD_Audio/data/dev-1/fsh-eng/audio/F/30521_20111001_012900_19914_fsh-eng_F.flac
/corpora/rats/LDC2011E99_Second_Incremental_SAD_Audio/data/dev-1/fsh-eng/audio/F/30542_20111001_050900_19941_fsh-eng_F.flac
/corpora/rats/LDC2011E99_Second_Incremental_SAD_Audio/data/dev-1/fsh-eng/audio/F/30546_20111001_055100_19945_fsh-eng_F.flac
/corpora/rats/LDC2011E99_Second_Incremental_SAD_Audio/data/dev-1/fsh-eng/audio/F/30553_20111001_070400_19953_fsh-eng_F.flac
/corpora/rats/LDC2011E99_Second_Incremental_SAD_Audio/data/dev-1/fsh-eng/audio/F/30583_20111001_132100_19991_fsh-eng_F.flac
/corpora/rats/LDC2011E99_Second_Incremental_SAD_Audio/data/dev-1/fsh-eng/audio/F/30615_20111001_185600_20025_fsh-eng_F.flac
/corpora/rats/LDC2011E99_Second_Incremental_SAD_Audio/data/dev-1/fsh-eng/audio/F/30620_20111001_194900_20033_fsh-eng_F.flac
/corpora/rats/LDC2011E99_Second_Incremental_SAD_Audio/data/dev-1/fsh-eng/audio/F/30691_20111002_081300_20106_fsh-eng_F.flac
/corpora/rats/LDC2011E99_Second_Incremental_SAD_Audio/data/dev-1/fsh-eng/audio/F/30716_20111002_135800_20132_fsh-eng_F.flac
/corpora/rats/LDC2011E99_Second_Incremental_SAD_Audio/data/dev-1/fsh-eng/audio/F/30760_20111002_220000_20178_fsh-eng_F.flac
/corpora/rats/LDC2011E99_Second_Incremental_SAD_Audio/data/dev-1/fsh-eng/audio/F/30798_20111003_043800_20220_fsh-eng_F.flac
/corpora/rats/LDC2011E99_Second_Incremental_SAD_Audio/data/dev-1/fsh-eng/audio/F/30845_20111003_115800_20260_fsh-eng_F.flac
/corpora/rats/LDC2011E99_Second_Incremental_SAD_Audio/data/dev-1/fsh-eng/audio/F/30848_20111003_122900_20265_fsh-eng_F.flac
/corpora/rats/LDC2011E99_Second_Incremental_SAD_Audio/data/dev-1/fsh-eng/audio/G/30354_20110929_201800_19717_fsh-eng_G.flac
/corpora/rats/LDC2011E99_Second_Incremental_SAD_Audio/data/dev-1/fsh-eng/audio/G/30369_20110929_225500_19733_fsh-eng_G.flac
/corpora/rats/LDC2011E99_Second_Incremental_SAD_Audio/data/dev-1/fsh-eng/audio/G/30373_20110929_233700_19739_fsh-eng_G.flac
/corpora/rats/LDC2011E99_Second_Incremental_SAD_Audio/data/dev-1/fsh-eng/audio/G/30469_20110930_162400_19846_fsh-eng_G.flac
/corpora/rats/LDC2011E99_Second_Incremental_SAD_Audio/data/dev-1/fsh-eng/audio/G/30476_20110930_173700_19856_fsh-eng_G.flac
/corpora/rats/LDC2011E99_Second_Incremental_SAD_Audio/data/dev-1/fsh-eng/audio/G/30483_20110930_185100_19864_fsh-eng_G.flac
/corpora/rats/LDC2011E99_Second_Incremental_SAD_Audio/data/dev-1/fsh-eng/audio/G/30506_20110930_225200_19897_fsh-eng_G.flac
/corpora/rats/LDC2011E99_Second_Incremental_SAD_Audio/data/dev-1/fsh-eng/audio/G/30508_20110930_231300_19899_fsh-eng_G.flac
/corpora/rats/LDC2011E99_Second_Incremental_SAD_Audio/data/dev-1/fsh-eng/audio/G/30510_20110930_233400_19901_fsh-eng_G.flac
/corpora/rats/LDC2011E99_Second_Incremental_SAD_Audio/data/dev-1/fsh-eng/audio/G/30525_20111001_021100_19921_fsh-eng_G.flac
/corpora/rats/LDC2011E99_Second_Incremental_SAD_Audio/data/dev-1/fsh-eng/audio/G/30535_20111001_035600_19934_fsh-eng_G.flac
/corpora/rats/LDC2011E99_Second_Incremental_SAD_Audio/data/dev-1/fsh-eng/audio/G/30583_20111001_132100_19991_fsh-eng_G.flac
/corpora/rats/LDC2011E99_Second_Incremental_SAD_Audio/data/dev-1/fsh-eng/audio/G/30595_20111001_152700_20003_fsh-eng_G.flac
/corpora/rats/LDC2011E99_Second_Incremental_SAD_Audio/data/dev-1/fsh-eng/audio/G/30631_20111001_214400_20044_fsh-eng_G.flac
/corpora/rats/LDC2011E99_Second_Incremental_SAD_Audio/data/dev-1/fsh-eng/audio/G/30654_20111002_014500_20067_fsh-eng_G.flac
/corpora/rats/LDC2011E99_Second_Incremental_SAD_Audio/data/dev-1/fsh-eng/audio/G/30659_20111002_023700_20072_fsh-eng_G.flac
/corpora/rats/LDC2011E99_Second_Incremental_SAD_Audio/data/dev-1/fsh-eng/audio/G/30679_20111002_060700_20094_fsh-eng_G.flac
/corpora/rats/LDC2011E99_Second_Incremental_SAD_Audio/data/dev-1/fsh-eng/audio/G/30716_20111002_135800_20132_fsh-eng_G.flac
/corpora/rats/LDC2011E99_Second_Incremental_SAD_Audio/data/dev-1/fsh-eng/audio/G/30764_20111002_224200_20182_fsh-eng_G.flac
/corpora/rats/LDC2011E99_Second_Incremental_SAD_Audio/data/dev-1/fsh-eng/audio/G/30773_20111003_001600_20191_fsh-eng_G.flac
/corpora/rats/LDC2011E99_Second_Incremental_SAD_Audio/data/dev-1/fsh-eng/audio/G/30801_20111003_050900_20225_fsh-eng_G.flac
/corpora/rats/LDC2011E99_Second_Incremental_SAD_Audio/data/dev-1/fsh-eng/audio/G/30802_20111003_052000_20226_fsh-eng_G.flac
/corpora/rats/LDC2011E99_Second_Incremental_SAD_Audio/data/dev-1/fsh-eng/audio/G/30830_20111003_092000_20245_fsh-eng_G.flac
/corpora/rats/LDC2011E99_Second_Incremental_SAD_Audio/data/dev-1/fsh-eng/audio/G/30848_20111003_122900_20265_fsh-eng_G.flac
/corpora/rats/LDC2011E99_Second_Incremental_SAD_Audio/data/dev-1/fsh-eng/audio/H/30373_20110929_233700_19739_fsh-eng_H.flac
/corpora/rats/LDC2011E99_Second_Incremental_SAD_Audio/data/dev-1/fsh-eng/audio/H/30441_20110930_113000_19815_fsh-eng_H.flac
/corpora/rats/LDC2011E99_Second_Incremental_SAD_Audio/data/dev-1/fsh-eng/audio/H/30599_20111001_160900_20007_fsh-eng_H.flac
/corpora/rats/LDC2011E99_Second_Incremental_SAD_Audio/data/dev-1/fsh-eng/audio/H/30623_20111001_202000_20036_fsh-eng_H.flac
/corpora/rats/LDC2011E99_Second_Incremental_SAD_Audio/data/dev-1/fsh-eng/audio/H/30760_20111002_220000_20178_fsh-eng_H.flac
/corpora/rats/LDC2011E99_Second_Incremental_SAD_Audio/data/dev-1/fsh-eng/audio/H/30805_20111003_055100_20229_fsh-eng_H.flac
/corpora/rats/LDC2011E99_Second_Incremental_SAD_Audio/data/dev-1/rats-cts-urd/audio/C/23183_20110828_091000_19446_rats-cts-urd_C.flac
/corpora/rats/LDC2011E99_Second_Incremental_SAD_Audio/data/dev-1/rats-cts-urd/audio/C/23194_20110829_045900_19497_rats-cts-urd_C.flac
/corpora/rats/LDC2011E99_Second_Incremental_SAD_Audio/data/dev-1/rats-cts-urd/audio/C/24353_20110903_035000_19222_rats-cts-urd_C.flac
/corpora/rats/LDC2011E99_Second_Incremental_SAD_Audio/data/dev-1/rats-cts-urd/audio/D/23183_20110828_091000_19446_rats-cts-urd_D.flac
/corpora/rats/LDC2011E99_Second_Incremental_SAD_Audio/data/dev-1/rats-cts-urd/audio/D/23670_20110814_164100_19338_rats-cts-urd_D.flac
/corpora/rats/LDC2011E99_Second_Incremental_SAD_Audio/data/dev-1/rats-cts-urd/audio/F/22257_20110823_002400_19562_rats-cts-urd_F.flac
/corpora/rats/LDC2011E99_Second_Incremental_SAD_Audio/data/dev-1/rats-cts-urd/audio/F/23189_20110828_171700_19216_rats-cts-urd_F.flac
/corpora/rats/LDC2011E99_Second_Incremental_SAD_Audio/data/dev-1/rats-cts-urd/audio/F/23194_20110829_045900_19497_rats-cts-urd_F.flac
/corpora/rats/LDC2011E99_Second_Incremental_SAD_Audio/data/dev-1/rats-cts-urd/audio/F/23633_20110811_174200_19356_rats-cts-urd_F.flac
/corpora/rats/LDC2011E99_Second_Incremental_SAD_Audio/data/dev-1/rats-cts-urd/audio/F/24355_20110903_042300_19224_rats-cts-urd_F.flac
/corpora/rats/LDC2011E99_Second_Incremental_SAD_Audio/data/dev-1/rats-cts-urd/audio/G/22232_20110818_005200_19297_rats-cts-urd_G.flac
/corpora/rats/LDC2011E99_Second_Incremental_SAD_Audio/data/dev-1/rats-cts-urd/audio/G/22257_20110823_002400_19562_rats-cts-urd_G.flac
/corpora/rats/LDC2011E99_Second_Incremental_SAD_Audio/data/dev-1/rats-cts-urd/audio/G/22287_20110823_084300_19518_rats-cts-urd_G.flac
/corpora/rats/LDC2011E99_Second_Incremental_SAD_Audio/data/dev-1/rats-cts-urd/audio/G/23183_20110828_091000_19446_rats-cts-urd_G.flac
/corpora/rats/LDC2011E99_Second_Incremental_SAD_Audio/data/dev-1/rats-cts-urd/audio/G/23194_20110829_045900_19497_rats-cts-urd_G.flac
/corpora/rats/LDC2011E99_Second_Incremental_SAD_Audio/data/dev-1/rats-cts-urd/audio/G/23670_20110814_164100_19338_rats-cts-urd_G.flac
/corpora/rats/LDC2011E99_Second_Incremental_SAD_Audio/data/dev-1/rats-cts-urd/audio/G/23689_20110829_122100_19208_rats-cts-urd_G.flac
/corpora/rats/LDC2011E99_Second_Incremental_SAD_Audio/data/dev-1/rats-cts-urd/audio/G/24334_20110902_223400_19200_rats-cts-urd_G.flac
/corpora/rats/LDC2011E99_Second_Incremental_SAD_Audio/data/dev-1/rats-cts-urd/audio/G/24353_20110903_035000_19222_rats-cts-urd_G.flac
/corpora/rats/LDC2011E99_Second_Incremental_SAD_Audio/data/dev-1/rats-cts-urd/audio/H/23183_20110828_091000_19446_rats-cts-urd_H.flac
/corpora/rats/LDC2011E99_Second_Incremental_SAD_Audio/data/dev-1/rats-cts-urd/audio/H/23189_20110828_171700_19216_rats-cts-urd_H.flac
/corpora/rats/LDC2011E99_Second_Incremental_SAD_Audio/data/dev-1/rats-cts-urd/audio/H/24353_20110903_035000_19222_rats-cts-urd_H.flac
/corpora/rats/LDC2011E93/sad_ldc2011e86_v2/data/dev-1/fsh-alv/audio/A/20710_20110723_081100_10007_fsh-alv_A.flac
/corpora/rats/LDC2011E93/sad_ldc2011e86_v2/data/dev-1/fsh-alv/audio/A/20721_20110721_195300_10019_fsh-alv_A.flac
/corpora/rats/LDC2011E93/sad_ldc2011e86_v2/data/dev-1/fsh-alv/audio/A/21197_20110803_192700_10575_fsh-alv_A.flac
/corpora/rats/LDC2011E93/sad_ldc2011e86_v2/data/dev-1/fsh-alv/audio/B/20706_20110719_044000_10003_fsh-alv_B.flac
/corpora/rats/LDC2011E93/sad_ldc2011e86_v2/data/dev-1/fsh-alv/audio/B/20721_20110721_195300_10019_fsh-alv_B.flac
/corpora/rats/LDC2011E93/sad_ldc2011e86_v2/data/dev-1/fsh-alv/audio/B/20826_20110719_083700_10124_fsh-alv_B.flac
/corpora/rats/LDC2011E93/sad_ldc2011e86_v2/data/dev-1/fsh-alv/audio/B/20828_20110720_100700_10126_fsh-alv_B.flac
/corpora/rats/LDC2011E93/sad_ldc2011e86_v2/data/dev-1/fsh-alv/audio/B/21319_20110805_023700_10697_fsh-alv_B.flac
/corpora/rats/LDC2011E93/sad_ldc2011e86_v2/data/dev-1/fsh-alv/audio/B/21330_20110804_151900_10708_fsh-alv_B.flac
/corpora/rats/LDC2011E93/sad_ldc2011e86_v2/data/dev-1/fsh-alv/audio/C/20706_20110719_044000_10003_fsh-alv_C.flac
/corpora/rats/LDC2011E93/sad_ldc2011e86_v2/data/dev-1/fsh-alv/audio/D/20780_20110722_140400_10078_fsh-alv_D.flac
/corpora/rats/LDC2011E93/sad_ldc2011e86_v2/data/dev-1/fsh-alv/audio/D/20828_20110720_100700_10126_fsh-alv_D.flac
/corpora/rats/LDC2011E93/sad_ldc2011e86_v2/data/dev-1/fsh-alv/audio/D/21237_20110804_030100_10615_fsh-alv_D.flac
/corpora/rats/LDC2011E93/sad_ldc2011e86_v2/data/dev-1/fsh-alv/audio/D/21288_20110804_220200_10666_fsh-alv_D.flac
/corpora/rats/LDC2011E93/sad_ldc2011e86_v2/data/dev-1/fsh-alv/audio/D/21294_20110804_231100_10672_fsh-alv_D.flac
/corpora/rats/LDC2011E93/sad_ldc2011e86_v2/data/dev-1/fsh-alv/audio/D/21312_20110729_120000_10690_fsh-alv_D.flac
/corpora/rats/LDC2011E93/sad_ldc2011e86_v2/data/dev-1/fsh-alv/audio/D/21337_20110804_104600_10715_fsh-alv_D.flac
/corpora/rats/LDC2011E93/sad_ldc2011e86_v2/data/dev-1/fsh-alv/audio/E/20721_20110721_195300_10019_fsh-alv_E.flac
/corpora/rats/LDC2011E93/sad_ldc2011e86_v2/data/dev-1/fsh-alv/audio/E/20763_20110723_025900_10061_fsh-alv_E.flac
/corpora/rats/LDC2011E93/sad_ldc2011e86_v2/data/dev-1/fsh-alv/audio/E/21193_20110803_141000_10571_fsh-alv_E.flac
/corpora/rats/LDC2011E93/sad_ldc2011e86_v2/data/dev-1/fsh-alv/audio/E/21197_20110803_192700_10575_fsh-alv_E.flac
/corpora/rats/LDC2011E93/sad_ldc2011e86_v2/data/dev-1/fsh-alv/audio/E/21353_20110804_162000_10123_fsh-alv_E.flac
/corpora/rats/LDC2011E93/sad_ldc2011e86_v2/data/dev-1/fsh-alv/audio/F/20710_20110723_081100_10007_fsh-alv_F.flac
/corpora/rats/LDC2011E93/sad_ldc2011e86_v2/data/dev-1/fsh-alv/audio/F/21190_20110803_180700_10568_fsh-alv_F.flac
/corpora/rats/LDC2011E93/sad_ldc2011e86_v2/data/dev-1/fsh-alv/audio/F/21211_20110803_220800_10589_fsh-alv_F.flac
/corpora/rats/LDC2011E93/sad_ldc2011e86_v2/data/dev-1/fsh-alv/audio/F/21239_20110804_032400_10617_fsh-alv_F.flac
/corpora/rats/LDC2011E93/sad_ldc2011e86_v2/data/dev-1/fsh-alv/audio/F/21320_20110729_132700_10698_fsh-alv_F.flac
/corpora/rats/LDC2011E93/sad_ldc2011e86_v2/data/dev-1/fsh-alv/audio/G/20706_20110719_044000_10003_fsh-alv_G.flac
/corpora/rats/LDC2011E93/sad_ldc2011e86_v2/data/dev-1/fsh-alv/audio/G/20717_20110723_190000_10015_fsh-alv_G.flac
/corpora/rats/LDC2011E93/sad_ldc2011e86_v2/data/dev-1/fsh-alv/audio/G/20721_20110721_195300_10019_fsh-alv_G.flac
/corpora/rats/LDC2011E93/sad_ldc2011e86_v2/data/dev-1/fsh-alv/audio/G/20780_20110722_140400_10078_fsh-alv_G.flac
/corpora/rats/LDC2011E93/sad_ldc2011e86_v2/data/dev-1/fsh-alv/audio/G/20826_20110719_083700_10124_fsh-alv_G.flac
/corpora/rats/LDC2011E93/sad_ldc2011e86_v2/data/dev-1/fsh-alv/audio/G/20828_20110720_100700_10126_fsh-alv_G.flac
/corpora/rats/LDC2011E93/sad_ldc2011e86_v2/data/dev-1/fsh-alv/audio/G/20867_20110721_160000_10166_fsh-alv_G.flac
/corpora/rats/LDC2011E93/sad_ldc2011e86_v2/data/dev-1/fsh-alv/audio/G/21193_20110803_141000_10571_fsh-alv_G.flac
/corpora/rats/LDC2011E93/sad_ldc2011e86_v2/data/dev-1/fsh-alv/audio/G/21199_20110803_195000_10577_fsh-alv_G.flac
/corpora/rats/LDC2011E93/sad_ldc2011e86_v2/data/dev-1/fsh-alv/audio/G/21237_20110804_030100_10615_fsh-alv_G.flac
/corpora/rats/LDC2011E93/sad_ldc2011e86_v2/data/dev-1/fsh-alv/audio/G/21239_20110804_032400_10617_fsh-alv_G.flac
/corpora/rats/LDC2011E93/sad_ldc2011e86_v2/data/dev-1/fsh-alv/audio/G/21294_20110804_231100_10672_fsh-alv_G.flac
/corpora/rats/LDC2011E93/sad_ldc2011e86_v2/data/dev-1/fsh-alv/audio/G/21312_20110729_120000_10690_fsh-alv_G.flac
/corpora/rats/LDC2011E93/sad_ldc2011e86_v2/data/dev-1/fsh-alv/audio/G/21320_20110729_132700_10698_fsh-alv_G.flac
/corpora/rats/LDC2011E93/sad_ldc2011e86_v2/data/dev-1/fsh-alv/audio/G/21337_20110804_104600_10715_fsh-alv_G.flac
/corpora/rats/LDC2011E93/sad_ldc2011e86_v2/data/dev-1/fsh-alv/audio/H/20717_20110723_190000_10015_fsh-alv_H.flac
/corpora/rats/LDC2011E93/sad_ldc2011e86_v2/data/dev-1/fsh-alv/audio/H/20850_20110722_064000_10148_fsh-alv_H.flac
/corpora/rats/LDC2011E93/sad_ldc2011e86_v2/data/dev-1/fsh-alv/audio/H/21201_20110803_201300_10579_fsh-alv_H.flac
/corpora/rats/LDC2011E93/sad_ldc2011e86_v2/data/dev-1/fsh-alv/audio/H/21230_20110804_014300_10608_fsh-alv_H.flac
/corpora/rats/LDC2011E93/sad_ldc2011e86_v2/data/dev-1/fsh-alv/audio/H/21237_20110804_030100_10615_fsh-alv_H.flac
/corpora/rats/LDC2011E93/sad_ldc2011e86_v2/data/dev-1/fsh-alv/audio/H/21239_20110804_032400_10617_fsh-alv_H.flac
/corpora/rats/LDC2011E93/sad_ldc2011e86_v2/data/dev-1/fsh-eng/audio/B/20886_20110721_094800_10185_fsh-eng_B.flac
/corpora/rats/LDC2011E93/sad_ldc2011e86_v2/data/dev-1/fsh-eng/audio/B/20903_20110719_180600_10202_fsh-eng_B.flac
/corpora/rats/LDC2011E93/sad_ldc2011e86_v2/data/dev-1/fsh-eng/audio/B/20958_20110721_022000_10257_fsh-eng_B.flac
/corpora/rats/LDC2011E93/sad_ldc2011e86_v2/data/dev-1/fsh-eng/audio/B/21087_20110722_020900_10386_fsh-eng_B.flac
/corpora/rats/LDC2011E93/sad_ldc2011e86_v2/data/dev-1/fsh-eng/audio/B/21110_20110718_215100_10409_fsh-eng_B.flac
/corpora/rats/LDC2011E93/sad_ldc2011e86_v2/data/dev-1/fsh-eng/audio/B/21111_20110723_085000_10410_fsh-eng_B.flac
/corpora/rats/LDC2011E93/sad_ldc2011e86_v2/data/dev-1/fsh-eng/audio/B/21173_20110721_132500_10472_fsh-eng_B.flac
/corpora/rats/LDC2011E93/sad_ldc2011e86_v2/data/dev-1/fsh-eng/audio/C/20891_20110721_034100_10190_fsh-eng_C.flac
/corpora/rats/LDC2011E93/sad_ldc2011e86_v2/data/dev-1/fsh-eng/audio/C/20903_20110719_180600_10202_fsh-eng_C.flac
/corpora/rats/LDC2011E93/sad_ldc2011e86_v2/data/dev-1/fsh-eng/audio/C/20914_20110723_035600_10213_fsh-eng_C.flac
/corpora/rats/LDC2011E93/sad_ldc2011e86_v2/data/dev-1/fsh-eng/audio/C/20949_20110718_211700_10248_fsh-eng_C.flac
/corpora/rats/LDC2011E93/sad_ldc2011e86_v2/data/dev-1/fsh-eng/audio/C/21014_20110720_203900_10313_fsh-eng_C.flac
/corpora/rats/LDC2011E93/sad_ldc2011e86_v2/data/dev-1/fsh-eng/audio/C/21046_20110720_005200_10345_fsh-eng_C.flac
/corpora/rats/LDC2011E93/sad_ldc2011e86_v2/data/dev-1/fsh-eng/audio/C/21090_20110718_170500_10389_fsh-eng_C.flac
/corpora/rats/LDC2011E93/sad_ldc2011e86_v2/data/dev-1/fsh-eng/audio/C/21181_20110720_071500_10480_fsh-eng_C.flac
/corpora/rats/LDC2011E93/sad_ldc2011e86_v2/data/dev-1/fsh-eng/audio/D/20887_20110720_072400_10186_fsh-eng_D.flac
/corpora/rats/LDC2011E93/sad_ldc2011e86_v2/data/dev-1/fsh-eng/audio/D/20958_20110721_022000_10257_fsh-eng_D.flac
/corpora/rats/LDC2011E93/sad_ldc2011e86_v2/data/dev-1/fsh-eng/audio/D/21020_20110720_184000_10319_fsh-eng_D.flac
/corpora/rats/LDC2011E93/sad_ldc2011e86_v2/data/dev-1/fsh-eng/audio/D/21053_20110721_081600_10352_fsh-eng_D.flac
/corpora/rats/LDC2011E93/sad_ldc2011e86_v2/data/dev-1/fsh-eng/audio/D/21070_20110722_172600_10369_fsh-eng_D.flac
/corpora/rats/LDC2011E93/sad_ldc2011e86_v2/data/dev-1/fsh-eng/audio/D/21087_20110722_020900_10386_fsh-eng_D.flac
/corpora/rats/LDC2011E93/sad_ldc2011e86_v2/data/dev-1/fsh-eng/audio/D/21088_20110721_162400_10387_fsh-eng_D.flac
/corpora/rats/LDC2011E93/sad_ldc2011e86_v2/data/dev-1/fsh-eng/audio/D/21090_20110718_170500_10389_fsh-eng_D.flac
/corpora/rats/LDC2011E93/sad_ldc2011e86_v2/data/dev-1/fsh-eng/audio/D/21173_20110721_132500_10472_fsh-eng_D.flac
/corpora/rats/LDC2011E93/sad_ldc2011e86_v2/data/dev-1/fsh-eng/audio/E/20969_20110723_033300_10268_fsh-eng_E.flac
/corpora/rats/LDC2011E93/sad_ldc2011e86_v2/data/dev-1/fsh-eng/audio/E/21053_20110721_081600_10352_fsh-eng_E.flac
/corpora/rats/LDC2011E93/sad_ldc2011e86_v2/data/dev-1/fsh-eng/audio/E/21063_20110721_010800_10362_fsh-eng_E.flac
/corpora/rats/LDC2011E93/sad_ldc2011e86_v2/data/dev-1/fsh-eng/audio/E/21136_20110721_064100_10435_fsh-eng_E.flac
/corpora/rats/LDC2011E93/sad_ldc2011e86_v2/data/dev-1/fsh-eng/audio/F/20886_20110721_094800_10185_fsh-eng_F.flac
/corpora/rats/LDC2011E93/sad_ldc2011e86_v2/data/dev-1/fsh-eng/audio/F/20887_20110720_072400_10186_fsh-eng_F.flac
/corpora/rats/LDC2011E93/sad_ldc2011e86_v2/data/dev-1/fsh-eng/audio/F/20891_20110721_034100_10190_fsh-eng_F.flac
/corpora/rats/LDC2011E93/sad_ldc2011e86_v2/data/dev-1/fsh-eng/audio/F/20974_20110721_012000_10273_fsh-eng_F.flac
/corpora/rats/LDC2011E93/sad_ldc2011e86_v2/data/dev-1/fsh-eng/audio/F/20979_20110722_024300_10278_fsh-eng_F.flac
/corpora/rats/LDC2011E93/sad_ldc2011e86_v2/data/dev-1/fsh-eng/audio/F/21007_20110722_174700_10306_fsh-eng_F.flac
/corpora/rats/LDC2011E93/sad_ldc2011e86_v2/data/dev-1/fsh-eng/audio/F/21020_20110720_184000_10319_fsh-eng_F.flac
/corpora/rats/LDC2011E93/sad_ldc2011e86_v2/data/dev-1/fsh-eng/audio/F/21070_20110722_172600_10369_fsh-eng_F.flac
/corpora/rats/LDC2011E93/sad_ldc2011e86_v2/data/dev-1/fsh-eng/audio/G/20903_20110719_180600_10202_fsh-eng_G.flac
/corpora/rats/LDC2011E93/sad_ldc2011e86_v2/data/dev-1/fsh-eng/audio/G/20914_20110723_035600_10213_fsh-eng_G.flac
/corpora/rats/LDC2011E93/sad_ldc2011e86_v2/data/dev-1/fsh-eng/audio/G/20974_20110721_012000_10273_fsh-eng_G.flac
/corpora/rats/LDC2011E93/sad_ldc2011e86_v2/data/dev-1/fsh-eng/audio/G/21007_20110722_174700_10306_fsh-eng_G.flac
/corpora/rats/LDC2011E93/sad_ldc2011e86_v2/data/dev-1/fsh-eng/audio/G/21088_20110721_162400_10387_fsh-eng_G.flac
/corpora/rats/LDC2011E93/sad_ldc2011e86_v2/data/dev-1/fsh-eng/audio/G/21096_20110720_171700_10395_fsh-eng_G.flac
/corpora/rats/LDC2011E93/sad_ldc2011e86_v2/data/dev-1/fsh-eng/audio/G/21110_20110718_215100_10409_fsh-eng_G.flac
/corpora/rats/LDC2011E93/sad_ldc2011e86_v2/data/dev-1/fsh-eng/audio/G/21114_20110722_014600_10413_fsh-eng_G.flac
/corpora/rats/LDC2011E93/sad_ldc2011e86_v2/data/dev-1/fsh-eng/audio/G/21118_20110719_040600_10417_fsh-eng_G.flac
/corpora/rats/LDC2011E93/sad_ldc2011e86_v2/data/dev-1/fsh-eng/audio/G/21128_20110721_002000_10427_fsh-eng_G.flac
/corpora/rats/LDC2011E93/sad_ldc2011e86_v2/data/dev-1/fsh-eng/audio/G/21136_20110721_064100_10435_fsh-eng_G.flac
/corpora/rats/LDC2011E93/sad_ldc2011e86_v2/data/dev-1/fsh-eng/audio/H/20949_20110718_211700_10248_fsh-eng_H.flac
/corpora/rats/LDC2011E93/sad_ldc2011e86_v2/data/dev-1/fsh-eng/audio/H/20969_20110723_033300_10268_fsh-eng_H.flac
/corpora/rats/LDC2011E93/sad_ldc2011e86_v2/data/dev-1/fsh-eng/audio/H/20979_20110722_024300_10278_fsh-eng_H.flac
/corpora/rats/LDC2011E93/sad_ldc2011e86_v2/data/dev-1/fsh-eng/audio/H/21063_20110721_010800_10362_fsh-eng_H.flac
/corpora/rats/LDC2011E93/sad_ldc2011e86_v2/data/dev-1/fsh-eng/audio/H/21096_20110720_171700_10395_fsh-eng_H.flac
/corpora/rats/LDC2011E93/sad_ldc2011e86_v2/data/dev-1/fsh-eng/audio/H/21114_20110722_014600_10413_fsh-eng_H.flac
/corpora/rats/LDC2011E93/sad_ldc2011e86_v2/data/dev-1/fsh-eng/audio/H/21136_20110721_064100_10435_fsh-eng_H.flac
/corpora/rats/LDC2011E93/sad_ldc2011e86_v2/data/dev-1/fsh-eng/audio/H/21173_20110721_132500_10472_fsh-eng_H.flac
/corpora/rats/LDC2011E93/sad_ldc2011e86_v2/data/dev-1/fsh-eng/audio/H/21181_20110720_071500_10480_fsh-eng_H.flac
/corpora/rats/LDC2011E93/sad_ldc2011e86_v2/data/dev-1/rats-cts-alv/audio/C/20681_20110720_234000_10502_rats-cts-alv_C.flac
/corpora/rats/LDC2011E93/sad_ldc2011e86_v2/data/dev-1/rats-cts-alv/audio/D/20672_20110719_203300_10493_rats-cts-alv_D.flac
/corpora/rats/LDC2011E93/sad_ldc2011e86_v2/data/dev-1/rats-cts-alv/audio/G/20681_20110720_234000_10502_rats-cts-alv_G.flac
/corpora/rats/LDC2011E93/sad_ldc2011e86_v2/data/dev-1/rats-cts-alv/audio/H/20681_20110720_234000_10502_rats-cts-alv_H.flac
/corpora/rats/LDC2011E93/sad_ldc2011e86_v2/data/dev-1/rats-cts-urd/audio/A/20662_20110721_160700_10564_rats-cts-urd_A.flac
/corpora/rats/LDC2011E93/sad_ldc2011e86_v2/data/dev-1/rats-cts-urd/audio/D/20662_20110721_160700_10564_rats-cts-urd_D.flac
/corpora/rats/LDC2011E93/sad_ldc2011e86_v2/data/dev-1/rats-cts-urd/audio/F/20653_20110723_142600_10555_rats-cts-urd_F.flac
